Flow report for dbouncer
Fri Sep 16 15:39:36 2022
Quartus II 64-Bit Version 13.0.1 Build 232 06/12/2013 Service Pack 1 SJ Full Version


---------------------
; Table of Contents ;
---------------------
  1. Legal Notice
  2. Flow Summary
  3. Flow Settings
  4. Flow Non-Default Global Settings
  5. Flow Elapsed Time
  6. Flow OS Summary
  7. Flow Log
  8. Flow Messages
  9. Flow Suppressed Messages



----------------
; Legal Notice ;
----------------
Copyright (C) 1991-2013 Altera Corporation
Your use of Altera Corporation's design tools, logic functions 
and other software and tools, and its AMPP partner logic 
functions, and any output files from any of the foregoing 
(including device programming or simulation files), and any 
associated documentation or information are expressly subject 
to the terms and conditions of the Altera Program License 
Subscription Agreement, Altera MegaCore Function License 
Agreement, or other applicable license agreement, including, 
without limitation, that your use is for the sole purpose of 
programming logic devices manufactured by Altera and sold by 
Altera or its authorized distributors.  Please refer to the 
applicable agreement for further details.



+---------------------------------------------------------------------------------------+
; Flow Summary                                                                          ;
+------------------------------------+--------------------------------------------------+
; Flow Status                        ; Successful - Fri Sep 16 15:39:36 2022            ;
; Quartus II 64-Bit Version          ; 13.0.1 Build 232 06/12/2013 SP 1 SJ Full Version ;
; Revision Name                      ; dbouncer                                         ;
; Top-level Entity Name              ; dbouncer                                         ;
; Family                             ; Cyclone III                                      ;
; Total logic elements               ; 15                                               ;
;     Total combinational functions  ; 12                                               ;
;     Dedicated logic registers      ; 12                                               ;
; Total registers                    ; 12                                               ;
; Total pins                         ; 3                                                ;
; Total virtual pins                 ; 0                                                ;
; Total memory bits                  ; 0                                                ;
; Embedded Multiplier 9-bit elements ; 0                                                ;
; Total PLLs                         ; 0                                                ;
+------------------------------------+--------------------------------------------------+


+-----------------------------------------+
; Flow Settings                           ;
+-------------------+---------------------+
; Option            ; Setting             ;
+-------------------+---------------------+
; Start date & time ; 09/16/2022 15:37:24 ;
; Main task         ; Compilation         ;
; Revision Name     ; dbouncer            ;
+-------------------+---------------------+


+---------------------------------------------------------------------------------------------------------------------+
; Flow Non-Default Global Settings                                                                                    ;
+-------------------------------------+--------------------------------+---------------+-------------+----------------+
; Assignment Name                     ; Value                          ; Default Value ; Entity Name ; Section Id     ;
+-------------------------------------+--------------------------------+---------------+-------------+----------------+
; COMPILER_SIGNATURE_ID               ; 26830026795149.166335704416092 ; --            ; --          ; --             ;
; EDA_GENERATE_FUNCTIONAL_NETLIST     ; On                             ; --            ; --          ; eda_simulation ;
; EDA_OUTPUT_DATA_FORMAT              ; Verilog Hdl                    ; --            ; --          ; eda_simulation ;
; EDA_SIMULATION_TOOL                 ; ModelSim-Altera (Verilog)      ; <None>        ; --          ; --             ;
; IP_TOOL_NAME                        ; LPM_COUNTER                    ; --            ; --          ; --             ;
; IP_TOOL_NAME                        ; LPM_COUNTER                    ; --            ; --          ; --             ;
; IP_TOOL_NAME                        ; LPM_COUNTER                    ; --            ; --          ; --             ;
; IP_TOOL_VERSION                     ; 13.0                           ; --            ; --          ; --             ;
; IP_TOOL_VERSION                     ; 13.0                           ; --            ; --          ; --             ;
; IP_TOOL_VERSION                     ; 13.0                           ; --            ; --          ; --             ;
; MISC_FILE                           ; counter.bsf                    ; --            ; --          ; --             ;
; MISC_FILE                           ; counter.cmp                    ; --            ; --          ; --             ;
; MISC_FILE                           ; counter2.bsf                   ; --            ; --          ; --             ;
; MISC_FILE                           ; counter2.cmp                   ; --            ; --          ; --             ;
; MISC_FILE                           ; counter3.bsf                   ; --            ; --          ; --             ;
; MISC_FILE                           ; counter3.cmp                   ; --            ; --          ; --             ;
; PARTITION_COLOR                     ; 16764057                       ; --            ; --          ; Top            ;
; PARTITION_FITTER_PRESERVATION_LEVEL ; PLACEMENT_AND_ROUTING          ; --            ; --          ; Top            ;
; PARTITION_NETLIST_TYPE              ; SOURCE                         ; --            ; --          ; Top            ;
; PROJECT_OUTPUT_DIRECTORY            ; output_files                   ; --            ; --          ; --             ;
+-------------------------------------+--------------------------------+---------------+-------------+----------------+


+--------------------------------------------------------------------------------------------------------------------------+
; Flow Elapsed Time                                                                                                        ;
+----------------------+--------------+-------------------------+---------------------+------------------------------------+
; Module Name          ; Elapsed Time ; Average Processors Used ; Peak Virtual Memory ; Total CPU Time (on all processors) ;
+----------------------+--------------+-------------------------+---------------------+------------------------------------+
; Analysis & Synthesis ; 00:00:01     ; 1.0                     ; 4659 MB             ; 00:00:02                           ;
; EDA Netlist Writer   ; 00:00:01     ; 1.0                     ; 4507 MB             ; 00:00:01                           ;
; EDA Netlist Writer   ; 00:00:01     ; 1.0                     ; 4507 MB             ; 00:00:01                           ;
; EDA Netlist Writer   ; 00:00:00     ; 1.0                     ; 4507 MB             ; 00:00:01                           ;
; EDA Netlist Writer   ; 00:00:00     ; 1.0                     ; 4507 MB             ; 00:00:01                           ;
; Total                ; 00:00:03     ; --                      ; --                  ; 00:00:06                           ;
+----------------------+--------------+-------------------------+---------------------+------------------------------------+


+-----------------------------------------------------------------------------------+
; Flow OS Summary                                                                   ;
+----------------------+------------------+-----------+------------+----------------+
; Module Name          ; Machine Hostname ; OS Name   ; OS Version ; Processor type ;
+----------------------+------------------+-----------+------------+----------------+
; Analysis & Synthesis ; BMH-212-09       ; Windows 7 ; 6.2        ; x86_64         ;
; EDA Netlist Writer   ; BMH-212-09       ; Windows 7 ; 6.2        ; x86_64         ;
; EDA Netlist Writer   ; BMH-212-09       ; Windows 7 ; 6.2        ; x86_64         ;
; EDA Netlist Writer   ; BMH-212-09       ; Windows 7 ; 6.2        ; x86_64         ;
; EDA Netlist Writer   ; BMH-212-09       ; Windows 7 ; 6.2        ; x86_64         ;
+----------------------+------------------+-----------+------------+----------------+


------------
; Flow Log ;
------------
quartus_map --read_settings_files=on --write_settings_files=off dbouncer -c dbouncer
quartus_eda --gen_testbench --check_outputs=on --tool=modelsim_oem --format=verilog dbouncer -c dbouncer --vector_source=C:/Users/20ncm8/Desktop/Waveform3.vwf --testbench_file=./simulation/qsim/dbouncer.vt
quartus_eda --functional=on --simulation=on --tool=modelsim_oem --format=verilog dbouncer -c dbouncer
quartus_eda --gen_testbench --check_outputs=on --tool=modelsim_oem --format=verilog dbouncer -c dbouncer --vector_source=C:/Users/20ncm8/Desktop/Waveform2.vwf --testbench_file=./simulation/qsim/dbouncer.vt
quartus_eda --functional=on --simulation=on --tool=modelsim_oem --format=verilog dbouncer -c dbouncer



